Flutter crash report; please file at https://github.com/flutter/flutter/issues.

## command

flutter build flx --suppress-analytics --target E:\Flutter\myapp\lib\main.dart --output-file E:\Flutter\myapp\build\app\intermediates\flutter\debug/app.flx --snapshot E:\Flutter\myapp\build\app\intermediates\flutter\debug/snapshot_blob.bin --depfile E:\Flutter\myapp\build\app\intermediates\flutter\debug/snapshot_blob.bin.d --working-dir E:\Flutter\myapp\build\app\intermediates\flutter\debug/flutter_assets

## exception

FileSystemException: FileSystemException: Deletion failed, path = 'E:\Flutter\myapp\build\app\intermediates\flutter\debug/flutter_assets' (OS Error: The system cannot find the file specified.
, errno = 2)

```
#0      _Directory._deleteSync (dart:io/directory_impl.dart:174)
#1      FileSystemEntity.deleteSync (dart:io/file_system_entity.dart:451)
#2      ForwardingFileSystemEntity.deleteSync (package:file/src/forwarding/forwarding_file_system_entity.dart:68)
#3      _ArchiveZipBuilder.createZip (package:flutter_tools/src/zip.dart:37)
<asynchronous suspension>
#4      assemble (package:flutter_tools/src/flx.dart:156)
<asynchronous suspension>
#5      build (package:flutter_tools/src/flx.dart:85)
<asynchronous suspension>
#6      BuildFlxCommand.runCommand (package:flutter_tools/src/commands/build_flx.dart:45)
<asynchronous suspension>
#7      FlutterCommand.verifyThenRunCommand (package:flutter_tools/src/runner/flutter_command.dart:279)
<asynchronous suspension>
#8      FlutterCommand.run (package:flutter_tools/src/runner/flutter_command.dart:219)
<asynchronous suspension>
#9      CommandRunner.runCommand (package:args/command_runner.dart:194)
<asynchronous suspension>
#10     FlutterCommandRunner.runCommand (package:flutter_tools/src/runner/flutter_command_runner.dart:284)
<asynchronous suspension>
#11     CommandRunner.run.<anonymous closure> (package:args/command_runner.dart:109)
#12     new Future.sync (dart:async/future.dart:222)
#13     CommandRunner.run (package:args/command_runner.dart:109)
#14     FlutterCommandRunner.run (package:flutter_tools/src/runner/flutter_command_runner.dart:166)
#15     run.<anonymous closure> (package:flutter_tools/runner.dart:89)
<asynchronous suspension>
#16     AppContext._run (package:flutter_tools/src/base/context.dart:76)
<asynchronous suspension>
#17     AppContext.runInZone.<anonymous closure> (package:flutter_tools/src/base/context.dart:66)
#18     _rootRun (dart:async/zone.dart:1126)
#19     _CustomZone.run (dart:async/zone.dart:1023)
#20     runZoned (dart:async/zone.dart:1501)
#21     AppContext.runInZone (package:flutter_tools/src/base/context.dart:65)
#22     run (package:flutter_tools/runner.dart:60)
<asynchronous suspension>
#23     main (package:flutter_tools/executable.dart:44)
<asynchronous suspension>
#24     main (file:///E:/Flutter/flutter/packages/flutter_tools/bin/flutter_tools.dart:16)
#25     _startIsolate.<anonymous closure> (dart:isolate-patch/dart:isolate/isolate_patch.dart:275)
#26     _RawReceivePortImpl._handleMessage (dart:isolate-patch/dart:isolate/isolate_patch.dart:163)
```

## flutter doctor

```
[✓] Flutter (on Microsoft Windows [Version 6.3.9600], locale en-US, channel alpha)
    • Flutter version 0.0.22-pre.1 at E:\Flutter\flutter
    • Framework revision 553fc4264e (5 months ago), 2018-03-01 09:30:25 -0800
    • Engine revision 6921873c71
    • Tools Dart version 2.0.0-dev.16.0
    • Engine Dart version 2.0.0-edge.da1f52592ef73fe3afa485385cb995b9aec0181a

[✓] Android toolchain - develop for Android devices (Android SDK 27.0.3)
    • Android SDK at C:\Users\SadiaTariq\AppData\Local\Android\Sdk
    • Android NDK location not configured (optional; useful for native profiling support)
    • Platform android-27, build-tools 27.0.3
    • ANDROID_HOME = C:\Users\SadiaTariq\AppData\Local\Android\Sdk
    • Java binary at: C:\Program Files\Android\Android Studio\jre\bin\java
    • Java version OpenJDK Runtime Environment (build 1.8.0_152-release-1024-b02)

[✓] Android Studio (version 3.1)
    • Android Studio at C:\Program Files\Android\Android Studio
    • Java version OpenJDK Runtime Environment (build 1.8.0_152-release-1024-b02)

[✓] Connected devices
    • SM J327U • 4200cacaf2da54d5 • android-arm • Android 7.0 (API 24) (emulator)

```
